Determining if the pthread_create exist failed with the following output:
Change Dir: /home/aluno/catkin_ws/build/CMakeFiles/CMakeTmp

Run Build Command:/usr/bin/make "cmTryCompileExec131814101/fast"
/usr/bin/make -f CMakeFiles/cmTryCompileExec131814101.dir/build.make CMakeFiles/cmTryCompileExec131814101.dir/build
make[1]: Entering directory `/home/aluno/catkin_ws/build/CMakeFiles/CMakeTmp'
/usr/bin/cmake -E cmake_progress_report /home/aluno/catkin_ws/build/CMakeFiles/CMakeTmp/CMakeFiles 1
Building C object CMakeFiles/cmTryCompileExec131814101.dir/CheckSymbolExists.c.o
/usr/bin/cc    -o CMakeFiles/cmTryCompileExec131814101.dir/CheckSymbolExists.c.o   -c /home/aluno/catkin_ws/build/CMakeFiles/CMakeTmp/CheckSymbolExists.c
Linking C executable cmTryCompileExec131814101
/usr/bin/cmake -E cmake_link_script CMakeFiles/cmTryCompileExec131814101.dir/link.txt --verbose=1
/usr/bin/cc       CMakeFiles/cmTryCompileExec131814101.dir/CheckSymbolExists.c.o  -o cmTryCompileExec131814101 -rdynamic 
CMakeFiles/cmTryCompileExec131814101.dir/CheckSymbolExists.c.o: In function `main':
CheckSymbolExists.c:(.text+0x16): undefined reference to `pthread_create'
collect2: error: ld returned 1 exit status
make[1]: Leaving directory `/home/aluno/catkin_ws/build/CMakeFiles/CMakeTmp'
make[1]: *** [cmTryCompileExec131814101] Error 1
make: *** [cmTryCompileExec131814101/fast] Error 2

File /home/aluno/catkin_ws/build/CMakeFiles/CMakeTmp/CheckSymbolExists.c:
/* */
#include <pthread.h>

int main(int argc, char** argv)
{
  (void)argv;
#ifndef pthread_create
  return ((int*)(&pthread_create))[argc];
#else
  (void)argc;
  return 0;
#endif
}

Determining if the function pthread_create exists in the pthreads failed with the following output:
Change Dir: /home/aluno/catkin_ws/build/CMakeFiles/CMakeTmp

Run Build Command:/usr/bin/make "cmTryCompileExec1452333797/fast"
/usr/bin/make -f CMakeFiles/cmTryCompileExec1452333797.dir/build.make CMakeFiles/cmTryCompileExec1452333797.dir/build
make[1]: Entering directory `/home/aluno/catkin_ws/build/CMakeFiles/CMakeTmp'
/usr/bin/cmake -E cmake_progress_report /home/aluno/catkin_ws/build/CMakeFiles/CMakeTmp/CMakeFiles 1
Building C object CMakeFiles/cmTryCompileExec1452333797.dir/CheckFunctionExists.c.o
/usr/bin/cc   -DCHECK_FUNCTION_EXISTS=pthread_create   -o CMakeFiles/cmTryCompileExec1452333797.dir/CheckFunctionExists.c.o   -c /usr/share/cmake-2.8/Modules/CheckFunctionExists.c
Linking C executable cmTryCompileExec1452333797
/usr/bin/cmake -E cmake_link_script CMakeFiles/cmTryCompileExec1452333797.dir/link.txt --verbose=1
/usr/bin/cc   -DCHECK_FUNCTION_EXISTS=pthread_create    CMakeFiles/cmTryCompileExec1452333797.dir/CheckFunctionExists.c.o  -o cmTryCompileExec1452333797 -rdynamic -lpthreads 
/usr/bin/ld: cannot find -lpthreads
collect2: error: ld returned 1 exit status
make[1]: Leaving directory `/home/aluno/catkin_ws/build/CMakeFiles/CMakeTmp'
make[1]: *** [cmTryCompileExec1452333797] Error 1
make: *** [cmTryCompileExec1452333797/fast] Error 2


